  Entity.cpp
C:\Users\DanTo\source\repos\Game-Programming-Final\Final\Entity.cpp(42,19): warning C4244: 'initializing': conversion from 'double' to 'float', possible loss of data
  LevelA.cpp
  LevelB.cpp
  LevelC.cpp
  main.cpp
C:\Users\DanTo\source\repos\Game-Programming-Final\Final\main.cpp(40,28): warning C4244: 'initializing': conversion from 'double' to 'const int', possible loss of data
C:\Users\DanTo\source\repos\Game-Programming-Final\Final\main.cpp(41,15): warning C4244: 'initializing': conversion from 'double' to 'const int', possible loss of data
C:\Users\DanTo\source\repos\Game-Programming-Final\Final\main.cpp(573,25): warning C4244: 'argument': conversion from 'time_t' to 'unsigned int', possible loss of data
  Map.cpp
C:\Users\DanTo\source\repos\Game-Programming-Final\Final\Map.cpp(104,16): warning C4244: 'initializing': conversion from 'float' to 'int', possible loss of data
C:\Users\DanTo\source\repos\Game-Programming-Final\Final\Map.cpp(105,16): warning C4244: 'initializing': conversion from 'float' to 'int', possible loss of data
  P1win.cpp
  P2win.cpp
  P2win.h
  Scene.cpp
  ShaderProgram.cpp
  Title.cpp
C:\Users\DanTo\source\repos\Game-Programming-Final\Final\Title.cpp(134,21): warning C4244: 'argument': conversion from 'float' to 'int', possible loss of data
  Utility.cpp
C:\Users\DanTo\source\repos\Game-Programming-Final\Final\Utility.cpp(47,23): warning C4018: '<': signed/unsigned mismatch
  Generating Code...
  LINK : C:\Users\DanTo\source\repos\Game-Programming-Final\Debug\Final.exe not found or not built by the last incremental link; performing full link
Debug\P2win.obj : warning LNK4042: object specified more than once; extras ignored
  Final.vcxproj -> C:\Users\DanTo\source\repos\Game-Programming-Final\Debug\Final.exe
